
Showing logs for build [32mcb-kubecd-bdd-gh-1585327697-pr-hxhmv-1[0m stage [32mfrom-build-pack[0m and container [32mstep-credential-initializer-qjg5w[0m
{"level":"warn","ts":1585329011.9031239,"logger":"fallback-logger","caller":"logging/config.go:69","msg":"Fetch GitHub commit ID from kodata failed: \"ref: refs/heads/0.8.0-**-support-backwards-incompats\" is not a valid GitHub commit ID"}
{"level":"info","ts":1585329011.9041295,"logger":"fallback-logger","caller":"creds-init/main.go:40","msg":"Credentials initialized."}

Showing logs for build [32mcb-kubecd-bdd-gh-1585327697-pr-hxhmv-1[0m stage [32mfrom-build-pack[0m and container [32mstep-working-dir-initializer-r5svv[0m
{"level":"warn","ts":1585329012.8843849,"logger":"fallback-logger","caller":"logging/config.go:69","msg":"Fetch GitHub commit ID from kodata failed: open /var/run/ko/HEAD: no such file or directory"}
{"level":"info","ts":1585329012.886677,"logger":"fallback-logger","caller":"bash/main.go:64","msg":"Successfully executed command \"sh -c mkdir -p /workspace/source\"; output "}

Showing logs for build [32mcb-kubecd-bdd-gh-1585327697-pr-hxhmv-1[0m stage [32mfrom-build-pack[0m and container [32mstep-place-tools[0m

Showing logs for build [32mcb-kubecd-bdd-gh-1585327697-pr-hxhmv-1[0m stage [32mfrom-build-pack[0m and container [32mstep-git-source-cb-kubecd-bdd-gh-1585327697-pr-hxhmv-bn2q5[0m
{"level":"warn","ts":1585329021.9410453,"logger":"fallback-logger","caller":"logging/config.go:69","msg":"Fetch GitHub commit ID from kodata failed: \"ref: refs/heads/0.8.0-**-support-backwards-incompats\" is not a valid GitHub commit ID"}
{"level":"info","ts":1585329023.1650214,"logger":"fallback-logger","caller":"git/git.go:103","msg":"Successfully cloned https://github.com/cb-kubecd/bdd-gh-1585327697.git @ master in path /workspace/source"}

Showing logs for build [32mcb-kubecd-bdd-gh-1585327697-pr-hxhmv-1[0m stage [32mfrom-build-pack[0m and container [32mstep-git-merge[0m
Using SHAs from PULL_REFS=master:52060a69e3aaa5b6ae2bccfdb6f54e84fa994be8,1:ec1d9d02a91056f0509520d2c8dcb040b776d941
DEBUG: LC_ALL=C JX_LOG_LEVEL=error git fetch origin --unshallow ec1d9d02a91056f0509520d2c8dcb040b776d941: 52060a69e3aaa5b6ae2bccfdb6f54e84fa994be8:
DEBUG: ran git fetch --unshallow origin ec1d9d02a91056f0509520d2c8dcb040b776d941: 52060a69e3aaa5b6ae2bccfdb6f54e84fa994be8: in 
DEBUG: LC_ALL=C JX_LOG_LEVEL=error git branch
DEBUG: LC_ALL=C JX_LOG_LEVEL=error git checkout master
DEBUG: ran git checkout master in 
DEBUG: LC_ALL=C JX_LOG_LEVEL=error git reset --hard 52060a69e3aaa5b6ae2bccfdb6f54e84fa994be8
DEBUG: ran git reset --hard 52060a69e3aaa5b6ae2bccfdb6f54e84fa994be8 in 
DEBUG: LC_ALL=C JX_LOG_LEVEL=error git clean -fd .
DEBUG: ran clean --force -d . in 
DEBUG: LC_ALL=C JX_LOG_LEVEL=error git merge ec1d9d02a91056f0509520d2c8dcb040b776d941
DEBUG: ran git merge ec1d9d02a91056f0509520d2c8dcb040b776d941 in 
DEBUG: LC_ALL=C JX_LOG_LEVEL=error git log --format=%H%x1f%an%x1f%ae%x1f%cn%x1f%ce%x1f%s%n%b%x1e 52060a69e3aaa5b6ae2bccfdb6f54e84fa994be8..HEAD
Merged SHA ec1d9d02a91056f0509520d2c8dcb040b776d941 with commit message 'My first PR commit' into base branch master

Showing logs for build [32mcb-kubecd-bdd-gh-1585327697-pr-hxhmv-1[0m stage [32mfrom-build-pack[0m and container [32mstep-build-make-linux[0m
CGO_ENABLED=0 GOOS=linux GOARCH=amd64 GO15VENDOREXPERIMENT=1 go build -ldflags '' -o bin/bdd-gh-1585327697 main.go

Showing logs for build [32mcb-kubecd-bdd-gh-1585327697-pr-hxhmv-1[0m stage [32mfrom-build-pack[0m and container [32mstep-build-container-build[0m
[36mINFO[0m[0000] No base image, nothing to extract            
[36mINFO[0m[0000] cmd: EXPOSE                                  
[36mINFO[0m[0000] Adding exposed port: 8080/tcp                
[36mINFO[0m[0000] Using files from context: [/workspace/source/bin] 
[36mINFO[0m[0000] Skipping unpacking as no commands require it. 
[36mINFO[0m[0000] Taking snapshot of full filesystem...        
[36mINFO[0m[0000] EXPOSE 8080                                  
[36mINFO[0m[0000] cmd: EXPOSE                                  
[36mINFO[0m[0000] Adding exposed port: 8080/tcp                
[36mINFO[0m[0000] No files changed in this command, skipping snapshotting. 
[36mINFO[0m[0000] ENTRYPOINT ["/bdd-gh-1585327697"]            
[36mINFO[0m[0000] No files changed in this command, skipping snapshotting. 
[36mINFO[0m[0000] Using files from context: [/workspace/source/bin] 
[36mINFO[0m[0000] COPY ./bin/ /                                
[36mINFO[0m[0000] Taking snapshot of files...                  
2020/03/27 17:10:39 pushed blob: sha256:87c6fd30d36b591019d5e1324ee589923867fee06f267b297fd582072945b265
2020/03/27 17:10:39 pushed blob: sha256:99a9e28bbfb13073c60cc868e2606018ba9603f2bf3eb645a8a31368d92e1a2c
2020/03/27 17:10:41 gcr.io/jenkins-x-bdd3/bdd-gh-1585327697:0.0.0-SNAPSHOT-PR-1-1: digest: sha256:f73c0f91480a338a1b6ea32f8b373c389edb182f24c8486f324c10abce84a9ec size: 428

Showing logs for build [32mcb-kubecd-bdd-gh-1585327697-pr-hxhmv-1[0m stage [32mfrom-build-pack[0m and container [32mstep-postbuild-post-build[0m
no CVE provider running in the current ** namespace so skip adding image to be analysed

Showing logs for build [32mcb-kubecd-bdd-gh-1585327697-pr-hxhmv-1[0m stage [32mfrom-build-pack[0m and container [32mstep-promote-make-preview[0m
sed -i -e "s/version:.*/version: 0.0.0-SNAPSHOT-PR-1-1/" Chart.yaml
sed -i -e "s/version:.*/version: 0.0.0-SNAPSHOT-PR-1-1/" ../*/Chart.yaml
sed -i -e "s|repository:.*|repository: gcr.io\/jenkins-x-bdd3\/bdd-gh-1585327697|" values.yaml
sed -i -e "s/tag:.*/tag: 0.0.0-SNAPSHOT-PR-1-1/" values.yaml
echo "  version: 0.0.0-SNAPSHOT-PR-1-1" >> requirements.yaml
** step helm build
WARNING: No $CHART_REPOSITORY defined so using the default value of: http://jenkins-x-chartmuseum:8080
Adding missing Helm repo: storage.googleapis.com https://storage.googleapis.com/chartmuseum.jenkins-x.io
WARNING: No secrets found on "helm/repos" due: reading the secret "helm/repos" from vault: no secret "helm/repos" not found in vault
Read credentials for https://storage.googleapis.com/chartmuseum.jenkins-x.io from vault helm/repos
Successfully added Helm repository storage.googleapis.com.
Adding missing Helm repo: jenkins-x-chartmuseum http://jenkins-x-chartmuseum:8080
WARNING: No secrets found on "helm/repos" due: reading the secret "helm/repos" from vault: no secret "helm/repos" not found in vault
Read credentials for http://jenkins-x-chartmuseum:8080 from vault helm/repos
Successfully added Helm repository jenkins-x-chartmuseum.
WARNING: No $CHART_REPOSITORY defined so using the default value of: http://jenkins-x-chartmuseum:8080
Adding missing Helm repo: chartmuseum.jenkins-x.io http://chartmuseum.jenkins-x.io
WARNING: No secrets found on "helm/repos" due: reading the secret "helm/repos" from vault: no secret "helm/repos" not found in vault
Read credentials for http://chartmuseum.jenkins-x.io from vault helm/repos
Successfully added Helm repository chartmuseum.jenkins-x.io.

Showing logs for build [32mcb-kubecd-bdd-gh-1585327697-pr-hxhmv-1[0m stage [32mfrom-build-pack[0m and container [32mstep-promote-jx-preview[0m
Creating a preview
Created environment cb-kubecd-bdd-gh-1585327697-pr-1
Namespace **-cb-kubecd-bdd-gh-1585327697-pr-1 created 
expose:
  Annotations:
    helm.sh/hook: post-install,post-upgrade
    helm.sh/hook-delete-policy: hook-succeeded
  config:
    domain: 35.241.221.195.nip.io
    exposer: Ingress
    http: "true"
preview:
  image:
    repository: gcr.io/jenkins-x-bdd3/bdd-gh-1585327697
    tag: 0.0.0-SNAPSHOT-PR-1-1

Updating PipelineActivities cb-kubecd-bdd-gh-1585327697-pr-1-1 which has status Running
WARNING: preview application http://bdd-gh-1585327697.**-cb-kubecd-bdd-gh-1585327697-pr-1.35.241.221.195.nip.io not available, error was 503 503 Service Temporarily Unavailable, delaying for: 1.089834185s
WARNING: preview application http://bdd-gh-1585327697.**-cb-kubecd-bdd-gh-1585327697-pr-1.35.241.221.195.nip.io not available, error was 503 503 Service Temporarily Unavailable, delaying for: 2.067017638s
Preview application is now available at: http://bdd-gh-1585327697.**-cb-kubecd-bdd-gh-1585327697-pr-1.35.241.221.195.nip.io
